<?xml version="1.0" encoding="UTF-8"?>
<!-- Generated by org.testng.reporters.JUnitReportReporter -->
<testsuite skipped="0" hostname="LAPTOP-MPNT8J29" name="seleniumPractice.SimpleAlertpractive" tests="1" failures="0" timestamp="2020-08-15T16:00:03 BST" time="10.537" errors="0">
  <testcase name="simple" time="10.537" classname="seleniumPractice.SimpleAlertpractive"/>
</testsuite> <!-- seleniumPractice.SimpleAlertpractive -->
