<?xml version="1.0" encoding="UTF-8"?>
<!-- Generated by org.testng.reporters.JUnitReportReporter -->
<testsuite skipped="0" hostname="LAPTOP-MPNT8J29" name="seleniumPractice.Parametersubclass" tests="1" failures="0" timestamp="2020-08-12T23:42:50 BST" time="25.443" errors="0">
  <testcase name="subclass" time="25.443" classname="seleniumPractice.Parametersubclass"/>
</testsuite> <!-- seleniumPractice.Parametersubclass -->
