<?xml version="1.0" encoding="UTF-8"?>
<!-- Generated by org.testng.reporters.JUnitReportReporter -->
<testsuite skipped="0" hostname="LAPTOP-MPNT8J29" name="seleniumPractice.ConfirmationAlert" tests="1" failures="0" timestamp="2020-08-15T15:57:10 BST" time="15.643" errors="0">
  <testcase name="browserTest" time="15.643" classname="seleniumPractice.ConfirmationAlert"/>
</testsuite> <!-- seleniumPractice.ConfirmationAlert -->
