<?xml version="1.0" encoding="UTF-8"?>
<!-- Generated by org.testng.reporters.JUnitReportReporter -->
<testsuite skipped="0" hostname="LAPTOP-MPNT8J29" name="seleniumPractice.EditleadHomework" tests="1" failures="0" timestamp="2020-07-29T22:52:54 BST" time="34.394" errors="0">
  <testcase name="editlead" time="34.394" classname="seleniumPractice.EditleadHomework"/>
</testsuite> <!-- seleniumPractice.EditleadHomework -->
