<?xml version="1.0" encoding="UTF-8"?>
<!-- Generated by org.testng.reporters.JUnitReportReporter -->
<testsuite skipped="0" hostname="LAPTOP-MPNT8J29" name="wrapper.Contacttest" tests="1" failures="0" timestamp="2020-08-12T17:58:24 BST" time="30.882" errors="0">
  <testcase name="contact" time="30.882" classname="wrapper.Contacttest"/>
</testsuite> <!-- wrapper.Contacttest -->
