<?xml version="1.0" encoding="UTF-8"?>
<!-- Generated by org.testng.reporters.JUnitReportReporter -->
<testsuite skipped="0" hostname="LAPTOP-MPNT8J29" name="seleniumPractice.wraptest1" tests="1" failures="0" timestamp="2020-08-12T18:00:19 BST" time="23.079" errors="0">
  <testcase name="wrptst1" time="23.079" classname="seleniumPractice.wraptest1"/>
</testsuite> <!-- seleniumPractice.wraptest1 -->
