<?xml version="1.0" encoding="UTF-8"?>
<!-- Generated by org.testng.reporters.JUnitReportReporter -->
<testsuite skipped="0" hostname="LAPTOP-MPNT8J29" name="seleniumPractice.wraptest2" tests="1" failures="0" timestamp="2020-08-12T18:00:19 BST" time="19.245" errors="0">
  <testcase name="wraptest" time="19.245" classname="seleniumPractice.wraptest2"/>
</testsuite> <!-- seleniumPractice.wraptest2 -->
