<?xml version="1.0" encoding="UTF-8"?>
<!-- Generated by org.testng.reporters.JUnitReportReporter -->
<testsuite skipped="0" hostname="LAPTOP-MPNT8J29" name="wrapper.IntegSubclass" tests="2" failures="0" timestamp="2020-08-15T10:15:01 BST" time="40.200" errors="0">
  <testcase name="subclass" time="20.131" classname="wrapper.IntegSubclass"/>
  <testcase name="subclass" time="20.069" classname="wrapper.IntegSubclass"/>
</testsuite> <!-- wrapper.IntegSubclass -->
