<?xml version="1.0" encoding="UTF-8"?>
<!-- Generated by org.testng.reporters.JUnitReportReporter -->
<testsuite skipped="0" hostname="LAPTOP-MPNT8J29" name="wrapper.Editleadsub2" tests="2" failures="0" timestamp="2020-08-12T17:58:24 BST" time="69.357" errors="0">
  <testcase name="createlead" time="28.558" classname="wrapper.Editleadsub2"/>
  <testcase name="editleadsub2" time="40.799" classname="wrapper.Editleadsub2"/>
</testsuite> <!-- wrapper.Editleadsub2 -->
