<?xml version="1.0" encoding="UTF-8"?>
<!-- Generated by org.testng.reporters.JUnitReportReporter -->
<testsuite skipped="0" hostname="LAPTOP-MPNT8J29" name="dataprovide.Subclass" tests="2" failures="0" timestamp="2020-08-15T10:08:01 BST" time="50.534" errors="0">
  <testcase name="subclass" time="26.852" classname="dataprovide.Subclass"/>
  <testcase name="subclass" time="23.682" classname="dataprovide.Subclass"/>
</testsuite> <!-- dataprovide.Subclass -->
