<?xml version="1.0" encoding="UTF-8"?>
<!-- Generated by org.testng.reporters.JUnitReportReporter -->
<testsuite skipped="0" hostname="LAPTOP-MPNT8J29" name="seleniumPractice.HomeworkcreatLead" tests="1" failures="0" timestamp="2020-07-29T22:52:54 BST" time="32.083" errors="0">
  <testcase name="cretlead" time="32.083" classname="seleniumPractice.HomeworkcreatLead"/>
</testsuite> <!-- seleniumPractice.HomeworkcreatLead -->
